<?xml version="1.0" encoding="UTF-8"?>
<!-- Generated by org.testng.reporters.JUnitXMLReporter -->
<testsuite ignored="0" hostname="DESKTOP-LGH18G6" failures="1" tests="17" name="Different Testng Feature Test" time="6.148" errors="0" timestamp="17 Feb 2023 16:29:39 GMT">
  <testcase classname="com.test.project.A_Annotations_Part1" name="GooglelogoTest" time="0.005"/>
  <testcase classname="com.test.project.A_Annotations_Part1" name="SearchTest" time="0.001"/>
  <testcase classname="com.test.project.A_Annotations_Part1" name="googleTitleTest" time="0.001"/>
  <testcase classname="com.test.project.F_ExpectedException" name="infiniteLoop" time="0.001"/>
  <testcase classname="com.test.project.E_ExceptionTimeout" name="infiniteLoop" time="0.006"/>
  <testcase classname="com.test.project.D_InvocationCount" name="sum" time="0.001"/>
  <testcase classname="com.test.project.D_InvocationCount" name="sum" time="0.0"/>
  <testcase classname="com.test.project.D_InvocationCount" name="sum" time="0.002"/>
  <testcase classname="com.test.project.D_InvocationCount" name="sum" time="0.001"/>
  <testcase classname="com.test.project.D_InvocationCount" name="sum" time="0.002"/>
  <testcase classname="com.test.project.D_InvocationCount" name="sum" time="0.001"/>
  <testcase classname="com.test.project.D_InvocationCount" name="sum" time="0.001"/>
  <testcase classname="com.test.project.D_InvocationCount" name="sum" time="0.001"/>
  <testcase classname="com.test.project.D_InvocationCount" name="sum" time="0.0"/>
  <testcase classname="com.test.project.D_InvocationCount" name="sum" time="0.0"/>
  <testcase classname="com.test.project.C_DependsonMethod" name="loginTest" time="0.002"/>
  <testcase classname="com.test.project.G_Assertion" name="GoogleLogoTest" time="0.094">
    <failure type="org.openqa.selenium.NoSuchElementException" message="no such element: Unable to locate element: {&amp;quot;method&amp;quot;:&amp;quot;xpath&amp;quot;,&amp;quot;selector&amp;quot;:&amp;quot;/html/body/div/img&amp;quot;}
  (Session info: chrome=110.0.5481.104)
For documentation on this error, please visit: https://selenium.dev/exceptions/#no_such_element
Build info: version: &amp;apos;4.8.0&amp;apos;, revision: &amp;apos;267030adea&amp;apos;
System info: os.name: &amp;apos;Windows 10&amp;apos;, os.arch: &amp;apos;amd64&amp;apos;, os.version: &amp;apos;10.0&amp;apos;, java.version: &amp;apos;17.0.6&amp;apos;
Driver info: org.openqa.selenium.chrome.ChromeDriver
Command: [7da1e8afdff37dbb7245f6b484229beb, findElement {using=xpath, value=/html/body/div/img}]
Capabilities {acceptInsecureCerts: false, browserName: chrome, browserVersion: 110.0.5481.104, chrome: {chromedriverVersion: 110.0.5481.77 (65ed616c6e8e..., userDataDir: C:\Users\SAMBAS~1\AppData\L...}, goog:chromeOptions: {debuggerAddress: localhost:61226}, networkConnectionEnabled: false, pageLoadStrategy: normal, platformName: WINDOWS, proxy: Proxy(), se:cdp: ws://localhost:61226/devtoo..., se:cdpVersion: 110.0.5481.104, setWindowRect: true, strictFileInteractability: false, timeouts: {implicit: 0, pageLoad: 300000, script: 30000}, unhandledPromptBehavior: dismiss and notify, webauthn:extension:credBlob: true, webauthn:extension:largeBlob: true, webauthn:virtualAuthenticators: true}
Session ID: 7da1e8afdff37dbb7245f6b484229beb">
      <![CDATA[org.openqa.selenium.NoSuchElementException: no such element: Unable to locate element: {"method":"xpath","selector":"/html/body/div/img"}
  (Session info: chrome=110.0.5481.104)
For documentation on this error, please visit: https://selenium.dev/exceptions/#no_such_element
Build info: version: '4.8.0', revision: '267030adea'
System info: os.name: 'Windows 10', os.arch: 'amd64', os.version: '10.0', java.version: '17.0.6'
Driver info: org.openqa.selenium.chrome.ChromeDriver
Command: [7da1e8afdff37dbb7245f6b484229beb, findElement {using=xpath, value=/html/body/div/img}]
Capabilities {acceptInsecureCerts: false, browserName: chrome, browserVersion: 110.0.5481.104, chrome: {chromedriverVersion: 110.0.5481.77 (65ed616c6e8e..., userDataDir: C:\Users\SAMBAS~1\AppData\L...}, goog:chromeOptions: {debuggerAddress: localhost:61226}, networkConnectionEnabled: false, pageLoadStrategy: normal, platformName: WINDOWS, proxy: Proxy(), se:cdp: ws://localhost:61226/devtoo..., se:cdpVersion: 110.0.5481.104, setWindowRect: true, strictFileInteractability: false, timeouts: {implicit: 0, pageLoad: 300000, script: 30000}, unhandledPromptBehavior: dismiss and notify, webauthn:extension:credBlob: true, webauthn:extension:largeBlob: true, webauthn:virtualAuthenticators: true}
Session ID: 7da1e8afdff37dbb7245f6b484229beb
at org.openqa.selenium.remote.codec.w3c.W3CHttpResponseCodec.createException(W3CHttpResponseCodec.java:200)
at org.openqa.selenium.remote.codec.w3c.W3CHttpResponseCodec.decode(W3CHttpResponseCodec.java:133)
at org.openqa.selenium.remote.codec.w3c.W3CHttpResponseCodec.decode(W3CHttpResponseCodec.java:53)
at org.openqa.selenium.remote.HttpCommandExecutor.execute(HttpCommandExecutor.java:184)
at org.openqa.selenium.remote.service.DriverCommandExecutor.invokeExecute(DriverCommandExecutor.java:167)
at org.openqa.selenium.remote.service.DriverCommandExecutor.execute(DriverCommandExecutor.java:142)
at org.openqa.selenium.remote.RemoteWebDriver.execute(RemoteWebDriver.java:543)
at org.openqa.selenium.remote.ElementLocation$ElementFinder$2.findElement(ElementLocation.java:162)
at org.openqa.selenium.remote.ElementLocation.findElement(ElementLocation.java:60)
at org.openqa.selenium.remote.RemoteWebDriver.findElement(RemoteWebDriver.java:352)
at org.openqa.selenium.remote.RemoteWebDriver.findElement(RemoteWebDriver.java:344)
at com.test.project.G_Assertion.GoogleLogoTest(G_Assertion.java:34)
... Removed 30 stack frames]]>
    </failure>
  </testcase> <!-- GoogleLogoTest -->
</testsuite> <!-- Different Testng Feature Test -->
