<?xml version="1.0" encoding="UTF-8"?>
<testng-results ignored="0" total="17" passed="16" failed="1" skipped="0">
  <reporter-output>
  </reporter-output>
  <suite started-at="2022-11-07T05:21:50Z" name="Suite" finished-at="2022-11-07T05:21:56Z" duration-ms="6827">
    <groups>
      <group name="Test">
        <method signature="B_GoogleTest.test1()[pri:4, instance:com.test.project.B_GoogleTest@3a7442c7]" name="test1" class="com.test.project.B_GoogleTest"/>
        <method signature="B_GoogleTest.test2()[pri:5, instance:com.test.project.B_GoogleTest@3a7442c7]" name="test2" class="com.test.project.B_GoogleTest"/>
        <method signature="B_GoogleTest.test3()[pri:6, instance:com.test.project.B_GoogleTest@3a7442c7]" name="test3" class="com.test.project.B_GoogleTest"/>
      </group> <!-- Test -->
      <group name="logo">
        <method signature="B_GoogleTest.GoogleLogoTest()[pri:3, instance:com.test.project.B_GoogleTest@3a7442c7]" name="GoogleLogoTest" class="com.test.project.B_GoogleTest"/>
      </group> <!-- logo -->
      <group name="Tittle">
        <method signature="G_Assertion.GetTittle()[pri:1, instance:com.test.project.G_Assertion@4b013c76]" name="GetTittle" class="com.test.project.G_Assertion"/>
        <method signature="B_GoogleTest.GetTittle()[pri:1, instance:com.test.project.B_GoogleTest@3a7442c7]" name="GetTittle" class="com.test.project.B_GoogleTest"/>
      </group> <!-- Tittle -->
      <group name="Link">
        <method signature="B_GoogleTest.linktest()[pri:2, instance:com.test.project.B_GoogleTest@3a7442c7]" name="linktest" class="com.test.project.B_GoogleTest"/>
      </group> <!-- Link -->
    </groups>
    <test started-at="2022-11-07T05:21:50Z" name="Different Testng Feature Test" finished-at="2022-11-07T05:21:56Z" duration-ms="6827">
      <class name="com.test.project.C_DependsonMethod">
        <test-method signature="loginTest()[pri:0, instance:com.test.project.C_DependsonMethod@548d708a]" started-at="2022-11-07T05:21:50Z" name="loginTest" finished-at="2022-11-07T05:21:50Z" duration-ms="4" status="PASS">
          <reporter-output>
          </reporter-output>
        </test-method> <!-- loginTest -->
      </class> <!-- com.test.project.C_DependsonMethod -->
      <class name="com.test.project.F_ExpectedException">
        <test-method signature="infiniteLoop()[pri:0, instance:com.test.project.F_ExpectedException@5149d738]" started-at="2022-11-07T05:21:50Z" name="infiniteLoop" finished-at="2022-11-07T05:21:50Z" duration-ms="5" status="PASS">
          <exception class="java.lang.NumberFormatException">
            <message>
              <![CDATA[For input string: "100A"]]>
            </message>
            <full-stacktrace>
              <![CDATA[java.lang.NumberFormatException: For input string: "100A"
at java.base/java.lang.NumberFormatException.forInputString(NumberFormatException.java:67)
at java.base/java.lang.Integer.parseInt(Integer.java:665)
at java.base/java.lang.Integer.parseInt(Integer.java:781)
at com.test.project.F_ExpectedException.infiniteLoop(F_ExpectedException.java:10)
at java.base/jdk.internal.reflect.DirectMethodHandleAccessor.invoke(DirectMethodHandleAccessor.java:104)
at java.base/java.lang.reflect.Method.invoke(Method.java:578)
at org.testng.internal.MethodInvocationHelper.invokeMethod(MethodInvocationHelper.java:124)
at org.testng.internal.Invoker.invokeMethod(Invoker.java:583)
at org.testng.internal.Invoker.invokeTestMethod(Invoker.java:719)
at org.testng.internal.Invoker.invokeTestMethods(Invoker.java:989)
at org.testng.internal.TestMethodWorker.invokeTestMethods(TestMethodWorker.java:125)
at org.testng.internal.TestMethodWorker.run(TestMethodWorker.java:109)
at org.testng.TestRunner.privateRun(TestRunner.java:648)
at org.testng.TestRunner.run(TestRunner.java:505)
at org.testng.SuiteRunner.runTest(SuiteRunner.java:455)
at org.testng.SuiteRunner.runSequentially(SuiteRunner.java:450)
at org.testng.SuiteRunner.privateRun(SuiteRunner.java:415)
at org.testng.SuiteRunner.run(SuiteRunner.java:364)
at org.testng.SuiteRunnerWorker.runSuite(SuiteRunnerWorker.java:52)
at org.testng.SuiteRunnerWorker.run(SuiteRunnerWorker.java:84)
at org.testng.TestNG.runSuitesSequentially(TestNG.java:1208)
at org.testng.TestNG.runSuitesLocally(TestNG.java:1137)
at org.testng.TestNG.runSuites(TestNG.java:1049)
at org.testng.TestNG.run(TestNG.java:1017)
at org.testng.remote.AbstractRemoteTestNG.run(AbstractRemoteTestNG.java:115)
at org.testng.remote.RemoteTestNG.initAndRun(RemoteTestNG.java:251)
at org.testng.remote.RemoteTestNG.main(RemoteTestNG.java:77)
]]>
            </full-stacktrace>
          </exception> <!-- java.lang.NumberFormatException -->
          <reporter-output>
          </reporter-output>
        </test-method> <!-- infiniteLoop -->
      </class> <!-- com.test.project.F_ExpectedException -->
      <class name="com.test.project.G_Assertion">
        <test-method is-config="true" signature="setup()[pri:0, instance:com.test.project.G_Assertion@4b013c76]" started-at="2022-11-07T05:21:50Z" name="setup" finished-at="2022-11-07T05:21:56Z" duration-ms="6027" status="PASS">
          <reporter-output>
          </reporter-output>
        </test-method> <!-- setup -->
        <test-method signature="GoogleLogoTest()[pri:0, instance:com.test.project.G_Assertion@4b013c76]" started-at="2022-11-07T05:21:56Z" name="GoogleLogoTest" finished-at="2022-11-07T05:21:56Z" duration-ms="114" status="FAIL">
          <exception class="org.openqa.selenium.NoSuchElementException">
            <message>
              <![CDATA[no such element: Unable to locate element: {"method":"xpath","selector":"/html/body/div/img"}
  (Session info: chrome=107.0.5304.88)
For documentation on this error, please visit: https://www.seleniumhq.org/exceptions/no_such_element.html
Build info: version: '3.141.59', revision: 'e82be7d358', time: '2018-11-14T08:17:03'
System info: host: 'LAPTOP-H6ICRR5G', ip: '192.168.1.100', os.name: 'Windows 10', os.arch: 'amd64', os.version: '10.0', java.version: '19.0.1'
Driver info: org.openqa.selenium.chrome.ChromeDriver
Capabilities {acceptInsecureCerts: false, browserName: chrome, browserVersion: 107.0.5304.88, chrome: {chromedriverVersion: 106.0.5249.61 (511755355844..., userDataDir: C:\Users\samba\AppData\Loca...}, goog:chromeOptions: {debuggerAddress: localhost:55460}, javascriptEnabled: true, networkConnectionEnabled: false, pageLoadStrategy: normal, platform: WINDOWS, platformName: WINDOWS, proxy: Proxy(), setWindowRect: true, strictFileInteractability: false, timeouts: {implicit: 0, pageLoad: 300000, script: 30000}, unhandledPromptBehavior: dismiss and notify, webauthn:extension:credBlob: true, webauthn:extension:largeBlob: true, webauthn:virtualAuthenticators: true}
Session ID: eaf8bf89bf0463940196375ba1dcdd42
*** Element info: {Using=xpath, value=/html/body/div/img}]]>
            </message>
            <full-stacktrace>
              <![CDATA[org.openqa.selenium.NoSuchElementException: no such element: Unable to locate element: {"method":"xpath","selector":"/html/body/div/img"}
  (Session info: chrome=107.0.5304.88)
For documentation on this error, please visit: https://www.seleniumhq.org/exceptions/no_such_element.html
Build info: version: '3.141.59', revision: 'e82be7d358', time: '2018-11-14T08:17:03'
System info: host: 'LAPTOP-H6ICRR5G', ip: '192.168.1.100', os.name: 'Windows 10', os.arch: 'amd64', os.version: '10.0', java.version: '19.0.1'
Driver info: org.openqa.selenium.chrome.ChromeDriver
Capabilities {acceptInsecureCerts: false, browserName: chrome, browserVersion: 107.0.5304.88, chrome: {chromedriverVersion: 106.0.5249.61 (511755355844..., userDataDir: C:\Users\samba\AppData\Loca...}, goog:chromeOptions: {debuggerAddress: localhost:55460}, javascriptEnabled: true, networkConnectionEnabled: false, pageLoadStrategy: normal, platform: WINDOWS, platformName: WINDOWS, proxy: Proxy(), setWindowRect: true, strictFileInteractability: false, timeouts: {implicit: 0, pageLoad: 300000, script: 30000}, unhandledPromptBehavior: dismiss and notify, webauthn:extension:credBlob: true, webauthn:extension:largeBlob: true, webauthn:virtualAuthenticators: true}
Session ID: eaf8bf89bf0463940196375ba1dcdd42
*** Element info: {Using=xpath, value=/html/body/div/img}
at java.base/jdk.internal.reflect.DirectConstructorHandleAccessor.newInstance(DirectConstructorHandleAccessor.java:67)
at java.base/java.lang.reflect.Constructor.newInstanceWithCaller(Constructor.java:500)
at java.base/java.lang.reflect.Constructor.newInstance(Constructor.java:484)
at org.openqa.selenium.remote.http.W3CHttpResponseCodec.createException(W3CHttpResponseCodec.java:187)
at org.openqa.selenium.remote.http.W3CHttpResponseCodec.decode(W3CHttpResponseCodec.java:122)
at org.openqa.selenium.remote.http.W3CHttpResponseCodec.decode(W3CHttpResponseCodec.java:49)
at org.openqa.selenium.remote.HttpCommandExecutor.execute(HttpCommandExecutor.java:158)
at org.openqa.selenium.remote.service.DriverCommandExecutor.execute(DriverCommandExecutor.java:83)
at org.openqa.selenium.remote.RemoteWebDriver.execute(RemoteWebDriver.java:552)
at org.openqa.selenium.remote.RemoteWebDriver.findElement(RemoteWebDriver.java:323)
at org.openqa.selenium.remote.RemoteWebDriver.findElementByXPath(RemoteWebDriver.java:428)
at org.openqa.selenium.By$ByXPath.findElement(By.java:353)
at org.openqa.selenium.remote.RemoteWebDriver.findElement(RemoteWebDriver.java:315)
at com.test.project.G_Assertion.GoogleLogoTest(G_Assertion.java:34)
at java.base/jdk.internal.reflect.DirectMethodHandleAccessor.invoke(DirectMethodHandleAccessor.java:104)
at java.base/java.lang.reflect.Method.invoke(Method.java:578)
at org.testng.internal.MethodInvocationHelper.invokeMethod(MethodInvocationHelper.java:124)
at org.testng.internal.Invoker.invokeMethod(Invoker.java:583)
at org.testng.internal.Invoker.invokeTestMethod(Invoker.java:719)
at org.testng.internal.Invoker.invokeTestMethods(Invoker.java:989)
at org.testng.internal.TestMethodWorker.invokeTestMethods(TestMethodWorker.java:125)
at org.testng.internal.TestMethodWorker.run(TestMethodWorker.java:109)
at org.testng.TestRunner.privateRun(TestRunner.java:648)
at org.testng.TestRunner.run(TestRunner.java:505)
at org.testng.SuiteRunner.runTest(SuiteRunner.java:455)
at org.testng.SuiteRunner.runSequentially(SuiteRunner.java:450)
at org.testng.SuiteRunner.privateRun(SuiteRunner.java:415)
at org.testng.SuiteRunner.run(SuiteRunner.java:364)
at org.testng.SuiteRunnerWorker.runSuite(SuiteRunnerWorker.java:52)
at org.testng.SuiteRunnerWorker.run(SuiteRunnerWorker.java:84)
at org.testng.TestNG.runSuitesSequentially(TestNG.java:1208)
at org.testng.TestNG.runSuitesLocally(TestNG.java:1137)
at org.testng.TestNG.runSuites(TestNG.java:1049)
at org.testng.TestNG.run(TestNG.java:1017)
at org.testng.remote.AbstractRemoteTestNG.run(AbstractRemoteTestNG.java:115)
at org.testng.remote.RemoteTestNG.initAndRun(RemoteTestNG.java:251)
at org.testng.remote.RemoteTestNG.main(RemoteTestNG.java:77)
]]>
            </full-stacktrace>
          </exception> <!-- org.openqa.selenium.NoSuchElementException -->
          <reporter-output>
          </reporter-output>
        </test-method> <!-- GoogleLogoTest -->
        <test-method is-config="true" signature="teardown()[pri:0, instance:com.test.project.G_Assertion@4b013c76]" started-at="2022-11-07T05:21:56Z" name="teardown" finished-at="2022-11-07T05:21:56Z" duration-ms="436" status="PASS">
          <reporter-output>
          </reporter-output>
        </test-method> <!-- teardown -->
      </class> <!-- com.test.project.G_Assertion -->
      <class name="com.test.project.A_Annotations_Part1">
        <test-method is-config="true" signature="setup()[pri:0, instance:com.test.project.A_Annotations_Part1@53045c6c]" started-at="2022-11-07T05:21:50Z" name="setup" finished-at="2022-11-07T05:21:50Z" duration-ms="33" status="PASS">
          <reporter-output>
          </reporter-output>
        </test-method> <!-- setup -->
        <test-method is-config="true" signature="launchBrowser()[pri:0, instance:com.test.project.A_Annotations_Part1@53045c6c]" started-at="2022-11-07T05:21:50Z" name="launchBrowser" finished-at="2022-11-07T05:21:50Z" duration-ms="1" status="PASS">
          <reporter-output>
          </reporter-output>
        </test-method> <!-- launchBrowser -->
        <test-method is-config="true" signature="login()[pri:0, instance:com.test.project.A_Annotations_Part1@53045c6c]" started-at="2022-11-07T05:21:50Z" name="login" finished-at="2022-11-07T05:21:50Z" duration-ms="1" status="PASS">
          <reporter-output>
          </reporter-output>
        </test-method> <!-- login -->
        <test-method is-config="true" signature="enterURL()[pri:0, instance:com.test.project.A_Annotations_Part1@53045c6c]" started-at="2022-11-07T05:21:50Z" name="enterURL" finished-at="2022-11-07T05:21:50Z" duration-ms="1" status="PASS">
          <reporter-output>
          </reporter-output>
        </test-method> <!-- enterURL -->
        <test-method signature="GooglelogoTest()[pri:0, instance:com.test.project.A_Annotations_Part1@53045c6c]" started-at="2022-11-07T05:21:50Z" name="GooglelogoTest" finished-at="2022-11-07T05:21:50Z" duration-ms="21" status="PASS">
          <reporter-output>
          </reporter-output>
        </test-method> <!-- GooglelogoTest -->
        <test-method is-config="true" signature="logout()[pri:0, instance:com.test.project.A_Annotations_Part1@53045c6c]" started-at="2022-11-07T05:21:50Z" name="logout" finished-at="2022-11-07T05:21:50Z" duration-ms="1" status="PASS">
          <reporter-output>
          </reporter-output>
        </test-method> <!-- logout -->
        <test-method is-config="true" signature="enterURL()[pri:0, instance:com.test.project.A_Annotations_Part1@53045c6c]" started-at="2022-11-07T05:21:50Z" name="enterURL" finished-at="2022-11-07T05:21:50Z" duration-ms="0" status="PASS">
          <reporter-output>
          </reporter-output>
        </test-method> <!-- enterURL -->
        <test-method signature="SearchTest()[pri:0, instance:com.test.project.A_Annotations_Part1@53045c6c]" started-at="2022-11-07T05:21:50Z" name="SearchTest" finished-at="2022-11-07T05:21:50Z" duration-ms="4" status="PASS">
          <reporter-output>
          </reporter-output>
        </test-method> <!-- SearchTest -->
        <test-method is-config="true" signature="logout()[pri:0, instance:com.test.project.A_Annotations_Part1@53045c6c]" started-at="2022-11-07T05:21:50Z" name="logout" finished-at="2022-11-07T05:21:50Z" duration-ms="0" status="PASS">
          <reporter-output>
          </reporter-output>
        </test-method> <!-- logout -->
        <test-method signature="googleTitleTest()[pri:0, instance:com.test.project.A_Annotations_Part1@53045c6c]" started-at="2022-11-07T05:21:50Z" name="googleTitleTest" finished-at="2022-11-07T05:21:50Z" duration-ms="4" status="PASS">
          <reporter-output>
          </reporter-output>
        </test-method> <!-- googleTitleTest -->
        <test-method is-config="true" signature="enterURL()[pri:0, instance:com.test.project.A_Annotations_Part1@53045c6c]" started-at="2022-11-07T05:21:50Z" name="enterURL" finished-at="2022-11-07T05:21:50Z" duration-ms="0" status="PASS">
          <reporter-output>
          </reporter-output>
        </test-method> <!-- enterURL -->
        <test-method is-config="true" signature="logout()[pri:0, instance:com.test.project.A_Annotations_Part1@53045c6c]" started-at="2022-11-07T05:21:50Z" name="logout" finished-at="2022-11-07T05:21:50Z" duration-ms="0" status="PASS">
          <reporter-output>
          </reporter-output>
        </test-method> <!-- logout -->
        <test-method is-config="true" signature="closeBrowser()[pri:0, instance:com.test.project.A_Annotations_Part1@53045c6c]" started-at="2022-11-07T05:21:50Z" name="closeBrowser" finished-at="2022-11-07T05:21:50Z" duration-ms="1" status="PASS">
          <reporter-output>
          </reporter-output>
        </test-method> <!-- closeBrowser -->
        <test-method is-config="true" signature="deletecookies()[pri:0, instance:com.test.project.A_Annotations_Part1@53045c6c]" started-at="2022-11-07T05:21:56Z" name="deletecookies" finished-at="2022-11-07T05:21:56Z" duration-ms="0" status="PASS">
          <reporter-output>
          </reporter-output>
        </test-method> <!-- deletecookies -->
      </class> <!-- com.test.project.A_Annotations_Part1 -->
      <class name="com.test.project.E_ExceptionTimeout">
        <test-method signature="infiniteLoop()[pri:0, instance:com.test.project.E_ExceptionTimeout@6bbe85a8]" started-at="2022-11-07T05:21:50Z" name="infiniteLoop" finished-at="2022-11-07T05:21:50Z" duration-ms="23" status="PASS">
          <reporter-output>
          </reporter-output>
        </test-method> <!-- infiniteLoop -->
      </class> <!-- com.test.project.E_ExceptionTimeout -->
      <class name="com.test.project.D_InvocationCount">
        <test-method signature="sum()[pri:0, instance:com.test.project.D_InvocationCount@4be29ed9]" started-at="2022-11-07T05:21:50Z" name="sum" finished-at="2022-11-07T05:21:50Z" duration-ms="4" status="PASS">
          <reporter-output>
          </reporter-output>
        </test-method> <!-- sum -->
        <test-method signature="sum()[pri:0, instance:com.test.project.D_InvocationCount@4be29ed9]" started-at="2022-11-07T05:21:50Z" name="sum" finished-at="2022-11-07T05:21:50Z" duration-ms="4" status="PASS">
          <reporter-output>
          </reporter-output>
        </test-method> <!-- sum -->
        <test-method signature="sum()[pri:0, instance:com.test.project.D_InvocationCount@4be29ed9]" started-at="2022-11-07T05:21:50Z" name="sum" finished-at="2022-11-07T05:21:50Z" duration-ms="4" status="PASS">
          <reporter-output>
          </reporter-output>
        </test-method> <!-- sum -->
        <test-method signature="sum()[pri:0, instance:com.test.project.D_InvocationCount@4be29ed9]" started-at="2022-11-07T05:21:50Z" name="sum" finished-at="2022-11-07T05:21:50Z" duration-ms="3" status="PASS">
          <reporter-output>
          </reporter-output>
        </test-method> <!-- sum -->
        <test-method signature="sum()[pri:0, instance:com.test.project.D_InvocationCount@4be29ed9]" started-at="2022-11-07T05:21:50Z" name="sum" finished-at="2022-11-07T05:21:50Z" duration-ms="5" status="PASS">
          <reporter-output>
          </reporter-output>
        </test-method> <!-- sum -->
        <test-method signature="sum()[pri:0, instance:com.test.project.D_InvocationCount@4be29ed9]" started-at="2022-11-07T05:21:50Z" name="sum" finished-at="2022-11-07T05:21:50Z" duration-ms="3" status="PASS">
          <reporter-output>
          </reporter-output>
        </test-method> <!-- sum -->
        <test-method signature="sum()[pri:0, instance:com.test.project.D_InvocationCount@4be29ed9]" started-at="2022-11-07T05:21:50Z" name="sum" finished-at="2022-11-07T05:21:50Z" duration-ms="3" status="PASS">
          <reporter-output>
          </reporter-output>
        </test-method> <!-- sum -->
        <test-method signature="sum()[pri:0, instance:com.test.project.D_InvocationCount@4be29ed9]" started-at="2022-11-07T05:21:50Z" name="sum" finished-at="2022-11-07T05:21:50Z" duration-ms="3" status="PASS">
          <reporter-output>
          </reporter-output>
        </test-method> <!-- sum -->
        <test-method signature="sum()[pri:0, instance:com.test.project.D_InvocationCount@4be29ed9]" started-at="2022-11-07T05:21:50Z" name="sum" finished-at="2022-11-07T05:21:50Z" duration-ms="2" status="PASS">
          <reporter-output>
          </reporter-output>
        </test-method> <!-- sum -->
        <test-method signature="sum()[pri:0, instance:com.test.project.D_InvocationCount@4be29ed9]" started-at="2022-11-07T05:21:50Z" name="sum" finished-at="2022-11-07T05:21:50Z" duration-ms="3" status="PASS">
          <reporter-output>
          </reporter-output>
        </test-method> <!-- sum -->
      </class> <!-- com.test.project.D_InvocationCount -->
    </test> <!-- Different Testng Feature Test -->
  </suite> <!-- Suite -->
</testng-results>
